do something
something creative
meri awaaz ko text mein badlo
meri awaaz ko text mein badlo
meri awaaz ko text mein badlo
meri awaaz ko text mein badlo
meri awaaz ko text mein badlo
something creative
Convert my voice recording into text
Convert my voice recording into text
help me
Convert my voice recording into text
Convert my voice recording into text
Convert my voice recording into text
Make Instagram reels automatically
Convert my voice recording into text
help me to write article
Summarize a research paper
I want AI
I want something that converts my spoken words into written form using AI and also supports multiple languages
write a poem about
help me to make curry
Convert my voice recording into text
Convert my voice recording into text
2025-12-16T13:18:13.241289 | Convert my voice recording into text
2025-12-16T13:20:19.363207 | Convert my voice recording into text
2025-12-16T13:20:53.015962 | Summarize a research paper
2025-12-16T13:22:01.449276 | Convert my voice recording into text
2025-12-16T13:22:16.360388 | Summarize a research paper
2025-12-16T13:30:00.249099 | Convert my voice recording into text
2025-12-16T13:32:00.058588 | bkkk
2025-12-16T13:32:00.127429 | bkkk
2025-12-16T13:32:00.125349 | bkkk
2025-12-16T13:32:00.127429 | bkkk
2025-12-16T13:32:00.127429 | bkkk
2025-12-16T13:37:48.917779 | Convert my voice recording into text
2025-12-16T13:37:56.361090 | Convert my voice recording into text
2025-12-16T13:42:22.414356 | Convert my voice recording into text
2025-12-16T13:42:37.028410 | Summarize a research paper
2025-12-16T13:42:45.276917 | Summarize a research paper
2025-12-16T13:42:45.757038 | Summarize a research paper
2025-12-16T13:42:50.678315 | Summarize a research paper
2025-12-16T13:42:53.277220 | Convert my voice recording into text
2025-12-16T13:42:54.079380 | Convert my voice recording into text
2025-12-16T13:42:54.796076 | Convert my voice recording into text
2025-12-16T13:42:59.330531 | Convert my voice recording into text
2025-12-16T13:43:54.134627 | Convert my voice recording into text
2025-12-16T13:45:01.186326 | Summarize a research paper
2025-12-16T13:45:03.539204 | Convert my voice recording into text
2025-12-16T13:49:35.837572 | Convert my voice recording into text
2025-12-16T13:54:07.666270 | Convert my voice recording into text
2025-12-16T13:54:09.383429 | Convert my voice recording into text
2025-12-16T13:54:32.709370 | help me to make bread
2025-12-16T13:54:32.988058 | help me to make bread
2025-12-18T04:00:01.715395 | help to make pongal
2025-12-18T04:17:12.421362 | help to make pongal
2025-12-18T04:27:26.015843 | help to make pongal
2025-12-18T04:30:24.258800 | help to make pongal
2025-12-18T04:53:38.872283 | help to make biscuit
2025-12-18T05:11:43.064698 | help me to make biscuit
2025-12-18T05:26:26.799005 | Help me to cook briyani
